[heatmap] arch=heatmap_offset  device=cuda  seed=0
[heatmap] train=22 val=4 test=4
[heatmap] affine fit train-voxel RMS: 16.12 voxels (spacing 2 mm -> 32.2 mm). Good <6 voxels (<12 mm), poor >15 voxels.
[heatmap] fit perm=[1, 0, 2]  slope=[569.6802978515625, 429.1275939941406, 438.5679626464844]  offset=[61.54587936401367, 64.42738342285156, 41.951454162597656]
[heatmap] volume shape (126, 128, 128)  sigma=6.0 voxels
[heatmap] heatmap_offset params: 1.461M
Traceback (most recent call last):
  File "C:\Users\gokss\OneDrive\Masaüstü\Ultrason\scri  ep  20/100  train 0.0244  val loss 0.0407  val RMS 94.71 mm  (X 15.23, Y 13.15, Z 92.55)
  ep  30/100  train 0.0160  val loss 0.0494  val RMS 92.81 mm  (X 15.23, Y 13.14, Z 90.61)
  ep  40/100  train 0.0109  val loss 0.0493  val RMS 93.20 mm  (X 15.04, Y 13.03, Z 91.05)
  ep  50/100  train 0.0074  val loss 0.0449  val RMS 93.21 mm  (X 15.25, Y 12.96, Z 91.04)
  ep  60/100  train 0.0051  val loss 0.0445  val RMS 93.25 mm  (X 15.18, Y 13.00, Z 91.09)
  ep  70/100  train 0.0035  val loss 0.0478  val RMS 93.45 mm  (X 15.17, Y 13.02, Z 91.29)
  ep  80/100  train 0.0025  val loss 0.0450  val RMS 93.28 mm  (X 15.20, Y 12.93, Z 91.12)
  ep  90/100  train 0.0013  val loss 0.0461  val RMS 93.37 mm  (X 15.21, Y 12.95, Z 91.20)
  ep 100/100  train 0.0011  val loss 0.0462  val RMS 93.32 mm  (X 15.21, Y 13.00, Z 91.15)

[heatmap] TEST  loss 0.0379  RMS 66.02 mm  (X 12.80, Y 12.31, Z 63.59)
[heatmap] saved to C:\Users\gokss\OneDrive\Masaüstü\Ultrason\outputs\focus_heatmap
torch\autograd\graph.py", line 823, in _engine_run_backward
    return Variable._execution_engine.run_backward(  # Calls into the C++ engine to run the backward pass
           ~~~~~~~~~~~~~~~~~~~~~~~~~~~~~~~~~~~~~~~^^^^^^^^^^^^^^^^^^^^^^^^^^^^^^^^^^^^^^^^^^^^^^^^^^^^^^^
        t_outputs, *args, **kwargs
        ^^^^^^^^^^^^^^^^^^^^^^^^^^
    )  # Calls into the C++ engine to run the backward pass
    ^
RuntimeError: bad allocation
